# JRE version: Java(TM) SE Runtime Environment (10.0+46) (build 10+46)
# Java VM: Java HotSpot(TM) 64-Bit Server VM (10+46, mixed mode, tiered, compressed oops, g1 gc, windows-amd64)
Heap:
 garbage-first heap   total 98304K, used 14021K [0x00000000a1200000, 0x0000000100000000)
  region size 1024K, 4 young (4096K), 4 survivors (4096K)
 Metaspace       used 26734K, capacity 27440K, committed 27644K, reserved 1081344K
  class space    used 3168K, capacity 3517K, committed 3580K, reserved 1048576K
GC Heap History (10 events):
Event: 4.187 GC heap before
{Heap before GC invocations=3 (full 0):
 garbage-first heap   total 98304K, used 35983K [0x00000000a1200000, 0x0000000100000000)
  region size 1024K, 28 young (28672K), 3 survivors (3072K)
 Metaspace       used 14456K, capacity 14751K, committed 14976K, reserved 1062912K
  class space    used 1466K, capacity 1595K, committed 1664K, reserved 1048576K
}
Event: 4.194 GC heap after
{Heap after GC invocations=4 (full 0):
 garbage-first heap   total 98304K, used 10647K [0x00000000a1200000, 0x0000000100000000)
  region size 1024K, 2 young (2048K), 2 survivors (2048K)
 Metaspace       used 14456K, capacity 14751K, committed 14976K, reserved 1062912K
  class space    used 1466K, capacity 1595K, committed 1664K, reserved 1048576K
}
Event: 5.518 GC heap before
{Heap before GC invocations=4 (full 0):
 garbage-first heap   total 98304K, used 55703K [0x00000000a1200000, 0x0000000100000000)
  region size 1024K, 45 young (46080K), 2 survivors (2048K)
 Metaspace       used 18025K, capacity 18521K, committed 18816K, reserved 1067008K
  class space    used 1937K, capacity 2131K, committed 2176K, reserved 1048576K
}
Event: 5.527 GC heap after
{Heap after GC invocations=5 (full 0):
 garbage-first heap   total 98304K, used 11393K [0x00000000a1200000, 0x0000000100000000)
  region size 1024K, 3 young (3072K), 3 survivors (3072K)
 Metaspace       used 18025K, capacity 18521K, committed 18816K, reserved 1067008K
  class space    used 1937K, capacity 2131K, committed 2176K, reserved 1048576K
}
Event: 7.266 GC heap before
{Heap before GC invocations=5 (full 0):
 garbage-first heap   total 98304K, used 30849K [0x00000000a1200000, 0x0000000100000000)
  region size 1024K, 23 young (23552K), 3 survivors (3072K)
 Metaspace       used 20572K, capacity 21069K, committed 21248K, reserved 1069056K
  class space    used 2281K, capacity 2540K, committed 2560K, reserved 1048576K
}
Event: 7.273 GC heap after
{Heap after GC invocations=6 (full 0):
 garbage-first heap   total 98304K, used 12288K [0x00000000a1200000, 0x0000000100000000)
  region size 1024K, 4 young (4096K), 4 survivors (4096K)
 Metaspace       used 20572K, capacity 21069K, committed 21248K, reserved 1069056K
  class space    used 2281K, capacity 2540K, committed 2560K, reserved 1048576K
}
Event: 7.776 GC heap before
{Heap before GC invocations=7 (full 0):
 garbage-first heap   total 98304K, used 59392K [0x00000000a1200000, 0x0000000100000000)
  region size 1024K, 50 young (51200K), 4 survivors (4096K)
 Metaspace       used 24629K, capacity 25307K, committed 25596K, reserved 1071104K
  class space    used 2929K, capacity 3246K, committed 3324K, reserved 1048576K
}
Event: 7.789 GC heap after
{Heap after GC invocations=8 (full 0):
 garbage-first heap   total 98304K, used 13411K [0x00000000a1200000, 0x0000000100000000)
  region size 1024K, 5 young (5120K), 5 survivors (5120K)
 Metaspace       used 24629K, capacity 25307K, committed 25596K, reserved 1071104K
  class space    used 2929K, capacity 3246K, committed 3324K, reserved 1048576K
}
Event: 7.976 GC heap before
{Heap before GC invocations=8 (full 0):
 garbage-first heap   total 98304K, used 26723K [0x00000000a1200000, 0x0000000100000000)
  region size 1024K, 19 young (19456K), 5 survivors (5120K)
 Metaspace       used 26734K, capacity 27440K, committed 27644K, reserved 1079296K
  class space    used 3168K, capacity 3517K, committed 3580K, reserved 1048576K
}
Event: 7.987 GC heap after
{Heap after GC invocations=9 (full 0):
 garbage-first heap   total 98304K, used 14021K [0x00000000a1200000, 0x0000000100000000)
  region size 1024K, 4 young (4096K), 4 survivors (4096K)
 Metaspace       used 26734K, capacity 27440K, committed 27644K, reserved 1079296K
  class space    used 3168K, capacity 3517K, committed 3580K, reserved 1048576K
}

